[01m[K/home/m_dyse/Dyse-Robotics/Projects/Rofous/src/rofous_gazebo_plugins/src/rofous_gazebo_plugins/Transformer_Dev.cpp:[m[K In function ‘[01m[Kvoid transformer_tests()[m[K’:
[01m[K/home/m_dyse/Dyse-Robotics/Projects/Rofous/src/rofous_gazebo_plugins/src/rofous_gazebo_plugins/Transformer_Dev.cpp:195:19:[m[K [01;31m[Kerror: [m[Kno match for ‘[01m[Koperator+[m[K’ (operand types are ‘[01m[Kstd::__cxx11::basic_string<char>[m[K’ and ‘[01m[Kstd::chrono::duration<double>::rep {aka double}[m[K’)
  test.info += [01;31m[K"\n\tTransformed X:\n" + x_axis.as_string() +[m[K
               [01;31m[K~~~~~~~~~~~~~~~~~~~~~~~~~~~~~~~~~~~~~~~~~~~~~[m[K
 [01;31m[K "\n\tTransformed Y:\n" + y_axis.as_string() +[m[K
  [01;31m[K~~~~~~~~~~~~~~~~~~~~~~~~~~~~~~~~~~~~~~~~~~~~~[m[K
 [01;31m[K "\n\tTransformed Z:\n" + z_axis.as_string() +[m[K
  [01;31m[K~~~~~~~~~~~~~~~~~~~~~~~~~~~~~~~~~~~~~~~~~~~~~[m[K
 [01;31m[K "\n\tduration: " + tr_mult_time.count()[m[K + "\n";
  [01;31m[K~~~~~~~~~~~~~~~~~^~~~~~~~~~~~~~~~~~~~~~[m[K
In file included from [01m[K/usr/include/c++/7/bits/stl_algobase.h:67:0[m[K,
                 from [01m[K/usr/include/c++/7/vector:60[m[K,
                 from [01m[K/home/m_dyse/Dyse-Robotics/Projects/Rofous/src/rofous_gazebo_plugins/src/rofous_gazebo_plugins/Transformer_Dev.cpp:10[m[K:
[01m[K/usr/include/c++/7/bits/stl_iterator.h:400:5:[m[K [01;36m[Knote: [m[Kcandidate: template<class _Iterator> std::reverse_iterator<_Iterator> std::operator+(typename std::reverse_iterator<_Iterator>::difference_type, const std::reverse_iterator<_Iterator>&)
     [01;36m[Koperator[m[K+(typename reverse_iterator<_Iterator>::difference_type __n,
     [01;36m[K^~~~~~~~[m[K
[01m[K/usr/include/c++/7/bits/stl_iterator.h:400:5:[m[K [01;36m[Knote: [m[K  template argument deduction/substitution failed:
[01m[K/home/m_dyse/Dyse-Robotics/Projects/Rofous/src/rofous_gazebo_plugins/src/rofous_gazebo_plugins/Transformer_Dev.cpp:195:40:[m[K [01;36m[Knote: [m[K  mismatched types ‘[01m[Kconst std::reverse_iterator<_Iterator>[m[K’ and ‘[01m[Kstd::chrono::duration<double>::rep {aka double}[m[K’
  "\n\tduration: " + tr_mult_time.count([01;36m[K)[m[K + "\n";
                                        [01;36m[K^[m[K
In file included from [01m[K/usr/include/c++/7/bits/stl_algobase.h:67:0[m[K,
                 from [01m[K/usr/include/c++/7/vector:60[m[K,
                 from [01m[K/home/m_dyse/Dyse-Robotics/Projects/Rofous/src/rofous_gazebo_plugins/src/rofous_gazebo_plugins/Transformer_Dev.cpp:10[m[K:
[01m[K/usr/include/c++/7/bits/stl_iterator.h:1201:5:[m[K [01;36m[Knote: [m[Kcandidate: template<class _Iterator> std::move_iterator<_IteratorL> std::operator+(typename std::move_iterator<_IteratorL>::difference_type, const std::move_iterator<_IteratorL>&)
     [01;36m[Koperator[m[K+(typename move_iterator<_Iterator>::difference_type __n,
     [01;36m[K^~~~~~~~[m[K
[01m[K/usr/include/c++/7/bits/stl_iterator.h:1201:5:[m[K [01;36m[Knote: [m[K  template argument deduction/substitution failed:
[01m[K/home/m_dyse/Dyse-Robotics/Projects/Rofous/src/rofous_gazebo_plugins/src/rofous_gazebo_plugins/Transformer_Dev.cpp:195:40:[m[K [01;36m[Knote: [m[K  mismatched types ‘[01m[Kconst std::move_iterator<_IteratorL>[m[K’ and ‘[01m[Kstd::chrono::duration<double>::rep {aka double}[m[K’
  "\n\tduration: " + tr_mult_time.count([01;36m[K)[m[K + "\n";
                                        [01;36m[K^[m[K
In file included from [01m[K/usr/include/c++/7/vector:65:0[m[K,
                 from [01m[K/home/m_dyse/Dyse-Robotics/Projects/Rofous/src/rofous_gazebo_plugins/src/rofous_gazebo_plugins/Transformer_Dev.cpp:10[m[K:
[01m[K/usr/include/c++/7/bits/stl_bvector.h:297:3:[m[K [01;36m[Knote: [m[Kcandidate: std::_Bit_iterator std::operator+(std::ptrdiff_t, const std::_Bit_iterator&)
   [01;36m[Koperator[m[K+(ptrdiff_t __n, const _Bit_iterator& __x)
   [01;36m[K^~~~~~~~[m[K
[01m[K/usr/include/c++/7/bits/stl_bvector.h:297:3:[m[K [01;36m[Knote: [m[K  no known conversion for argument 1 from ‘[01m[Kstd::__cxx11::basic_string<char>[m[K’ to ‘[01m[Kstd::ptrdiff_t {aka long int}[m[K’
[01m[K/usr/include/c++/7/bits/stl_bvector.h:387:3:[m[K [01;36m[Knote: [m[Kcandidate: std::_Bit_const_iterator std::operator+(std::ptrdiff_t, const std::_Bit_const_iterator&)
   [01;36m[Koperator[m[K+(ptrdiff_t __n, const _Bit_const_iterator& __x)
   [01;36m[K^~~~~~~~[m[K
[01m[K/usr/include/c++/7/bits/stl_bvector.h:387:3:[m[K [01;36m[Knote: [m[K  no known conversion for argument 1 from ‘[01m[Kstd::__cxx11::basic_string<char>[m[K’ to ‘[01m[Kstd::ptrdiff_t {aka long int}[m[K’
In file included from [01m[K/usr/include/c++/7/string:52:0[m[K,
                 from [01m[K/usr/include/c++/7/bits/locale_classes.h:40[m[K,
                 from [01m[K/usr/include/c++/7/bits/ios_base.h:41[m[K,
                 from [01m[K/usr/include/c++/7/ios:42[m[K,
                 from [01m[K/usr/include/c++/7/ostream:38[m[K,
                 from [01m[K/home/m_dyse/Dyse-Robotics/Projects/Rofous/src/rofous_gazebo_plugins/src/rofous_gazebo_plugins/Transformer_Dev.cpp:14[m[K:
[01m[K/usr/include/c++/7/bits/basic_string.h:5888:5:[m[K [01;36m[Knote: [m[Kcandidate: template<class _CharT, class _Traits, class _Alloc> std::__cxx11::basic_string<_CharT, _Traits, _Alloc> std::operator+(const std::__cxx11::basic_string<_CharT, _Traits, _Alloc>&, const std::__cxx11::basic_string<_CharT, _Traits, _Alloc>&)
     [01;36m[Koperator[m[K+(const basic_string<_CharT, _Traits, _Alloc>& __lhs,
     [01;36m[K^~~~~~~~[m[K
[01m[K/usr/include/c++/7/bits/basic_string.h:5888:5:[m[K [01;36m[Knote: [m[K  template argument deduction/substitution failed:
[01m[K/home/m_dyse/Dyse-Robotics/Projects/Rofous/src/rofous_gazebo_plugins/src/rofous_gazebo_plugins/Transformer_Dev.cpp:195:40:[m[K [01;36m[Knote: [m[K  mismatched types ‘[01m[Kconst std::__cxx11::basic_string<_CharT, _Traits, _Alloc>[m[K’ and ‘[01m[Kstd::chrono::duration<double>::rep {aka double}[m[K’
  "\n\tduration: " + tr_mult_time.count([01;36m[K)[m[K + "\n";
                                        [01;36m[K^[m[K
In file included from [01m[K/usr/include/c++/7/string:53:0[m[K,
                 from [01m[K/usr/include/c++/7/bits/locale_classes.h:40[m[K,
                 from [01m[K/usr/include/c++/7/bits/ios_base.h:41[m[K,
                 from [01m[K/usr/include/c++/7/ios:42[m[K,
                 from [01m[K/usr/include/c++/7/ostream:38[m[K,
                 from [01m[K/home/m_dyse/Dyse-Robotics/Projects/Rofous/src/rofous_gazebo_plugins/src/rofous_gazebo_plugins/Transformer_Dev.cpp:14[m[K:
[01m[K/usr/include/c++/7/bits/basic_string.tcc:1157:5:[m[K [01;36m[Knote: [m[Kcandidate: template<class _CharT, class _Traits, class _Alloc> std::__cxx11::basic_string<_CharT, _Traits, _Alloc> std::operator+(const _CharT*, const std::__cxx11::basic_string<_CharT, _Traits, _Alloc>&)
     [01;36m[Koperator[m[K+(const _CharT* __lhs,
     [01;36m[K^~~~~~~~[m[K
[01m[K/usr/include/c++/7/bits/basic_string.tcc:1157:5:[m[K [01;36m[Knote: [m[K  template argument deduction/substitution failed:
[01m[K/home/m_dyse/Dyse-Robotics/Projects/Rofous/src/rofous_gazebo_plugins/src/rofous_gazebo_plugins/Transformer_Dev.cpp:195:40:[m[K [01;36m[Knote: [m[K  mismatched types ‘[01m[Kconst _CharT*[m[K’ and ‘[01m[Kstd::__cxx11::basic_string<char>[m[K’
  "\n\tduration: " + tr_mult_time.count([01;36m[K)[m[K + "\n";
                                        [01;36m[K^[m[K
In file included from [01m[K/usr/include/c++/7/string:53:0[m[K,
                 from [01m[K/usr/include/c++/7/bits/locale_classes.h:40[m[K,
                 from [01m[K/usr/include/c++/7/bits/ios_base.h:41[m[K,
                 from [01m[K/usr/include/c++/7/ios:42[m[K,
                 from [01m[K/usr/include/c++/7/ostream:38[m[K,
                 from [01m[K/home/m_dyse/Dyse-Robotics/Projects/Rofous/src/rofous_gazebo_plugins/src/rofous_gazebo_plugins/Transformer_Dev.cpp:14[m[K:
[01m[K/usr/include/c++/7/bits/basic_string.tcc:1173:5:[m[K [01;36m[Knote: [m[Kcandidate: template<class _CharT, class _Traits, class _Alloc> std::__cxx11::basic_string<_CharT, _Traits, _Alloc> std::operator+(_CharT, const std::__cxx11::basic_string<_CharT, _Traits, _Alloc>&)
     [01;36m[Koperator[m[K+(_CharT __lhs, const basic_string<_CharT, _Traits, _Alloc>& __rhs)
     [01;36m[K^~~~~~~~[m[K
[01m[K/usr/include/c++/7/bits/basic_string.tcc:1173:5:[m[K [01;36m[Knote: [m[K  template argument deduction/substitution failed:
[01m[K/home/m_dyse/Dyse-Robotics/Projects/Rofous/src/rofous_gazebo_plugins/src/rofous_gazebo_plugins/Transformer_Dev.cpp:195:40:[m[K [01;36m[Knote: [m[K  mismatched types ‘[01m[Kconst std::__cxx11::basic_string<_CharT, _Traits, _Alloc>[m[K’ and ‘[01m[Kstd::chrono::duration<double>::rep {aka double}[m[K’
  "\n\tduration: " + tr_mult_time.count([01;36m[K)[m[K + "\n";
                                        [01;36m[K^[m[K
In file included from [01m[K/usr/include/c++/7/string:52:0[m[K,
                 from [01m[K/usr/include/c++/7/bits/locale_classes.h:40[m[K,
                 from [01m[K/usr/include/c++/7/bits/ios_base.h:41[m[K,
                 from [01m[K/usr/include/c++/7/ios:42[m[K,
                 from [01m[K/usr/include/c++/7/ostream:38[m[K,
                 from [01m[K/home/m_dyse/Dyse-Robotics/Projects/Rofous/src/rofous_gazebo_plugins/src/rofous_gazebo_plugins/Transformer_Dev.cpp:14[m[K:
[01m[K/usr/include/c++/7/bits/basic_string.h:5925:5:[m[K [01;36m[Knote: [m[Kcandidate: template<class _CharT, class _Traits, class _Alloc> std::__cxx11::basic_string<_CharT, _Traits, _Alloc> std::operator+(const std::__cxx11::basic_string<_CharT, _Traits, _Alloc>&, const _CharT*)
     [01;36m[Koperator[m[K+(const basic_string<_CharT, _Traits, _Alloc>& __lhs,
     [01;36m[K^~~~~~~~[m[K
[01m[K/usr/include/c++/7/bits/basic_string.h:5925:5:[m[K [01;36m[Knote: [m[K  template argument deduction/substitution failed:
[01m[K/home/m_dyse/Dyse-Robotics/Projects/Rofous/src/rofous_gazebo_plugins/src/rofous_gazebo_plugins/Transformer_Dev.cpp:195:40:[m[K [01;36m[Knote: [m[K  mismatched types ‘[01m[Kconst _CharT*[m[K’ and ‘[01m[Kdouble[m[K’
  "\n\tduration: " + tr_mult_time.count([01;36m[K)[m[K + "\n";
                                        [01;36m[K^[m[K
In file included from [01m[K/usr/include/c++/7/string:52:0[m[K,
                 from [01m[K/usr/include/c++/7/bits/locale_classes.h:40[m[K,
                 from [01m[K/usr/include/c++/7/bits/ios_base.h:41[m[K,
                 from [01m[K/usr/include/c++/7/ios:42[m[K,
                 from [01m[K/usr/include/c++/7/ostream:38[m[K,
                 from [01m[K/home/m_dyse/Dyse-Robotics/Projects/Rofous/src/rofous_gazebo_plugins/src/rofous_gazebo_plugins/Transformer_Dev.cpp:14[m[K:
[01m[K/usr/include/c++/7/bits/basic_string.h:5941:5:[m[K [01;36m[Knote: [m[Kcandidate: template<class _CharT, class _Traits, class _Alloc> std::__cxx11::basic_string<_CharT, _Traits, _Alloc> std::operator+(const std::__cxx11::basic_string<_CharT, _Traits, _Alloc>&, _CharT)
     [01;36m[Koperator[m[K+(const basic_string<_CharT, _Traits, _Alloc>& __lhs, _CharT __rhs)
     [01;36m[K^~~~~~~~[m[K
[01m[K/usr/include/c++/7/bits/basic_string.h:5941:5:[m[K [01;36m[Knote: [m[K  template argument deduction/substitution failed:
[01m[K/home/m_dyse/Dyse-Robotics/Projects/Rofous/src/rofous_gazebo_plugins/src/rofous_gazebo_plugins/Transformer_Dev.cpp:195:40:[m[K [01;36m[Knote: [m[K  deduced conflicting types for parameter ‘[01m[K_CharT[m[K’ (‘[01m[Kchar[m[K’ and ‘[01m[Kdouble[m[K’)
  "\n\tduration: " + tr_mult_time.count([01;36m[K)[m[K + "\n";
                                        [01;36m[K^[m[K
In file included from [01m[K/usr/include/c++/7/string:52:0[m[K,
                 from [01m[K/usr/include/c++/7/bits/locale_classes.h:40[m[K,
                 from [01m[K/usr/include/c++/7/bits/ios_base.h:41[m[K,
                 from [01m[K/usr/include/c++/7/ios:42[m[K,
                 from [01m[K/usr/include/c++/7/ostream:38[m[K,
                 from [01m[K/home/m_dyse/Dyse-Robotics/Projects/Rofous/src/rofous_gazebo_plugins/src/rofous_gazebo_plugins/Transformer_Dev.cpp:14[m[K:
[01m[K/usr/include/c++/7/bits/basic_string.h:5953:5:[m[K [01;36m[Knote: [m[Kcandidate: template<class _CharT, class _Traits, class _Alloc> std::__cxx11::basic_string<_CharT, _Traits, _Alloc> std::operator+(std::__cxx11::basic_string<_CharT, _Traits, _Alloc>&&, const std::__cxx11::basic_string<_CharT, _Traits, _Alloc>&)
     [01;36m[Koperator[m[K+(basic_string<_CharT, _Traits, _Alloc>&& __lhs,
     [01;36m[K^~~~~~~~[m[K
[01m[K/usr/include/c++/7/bits/basic_string.h:5953:5:[m[K [01;36m[Knote: [m[K  template argument deduction/substitution failed:
[01m[K/home/m_dyse/Dyse-Robotics/Projects/Rofous/src/rofous_gazebo_plugins/src/rofous_gazebo_plugins/Transformer_Dev.cpp:195:40:[m[K [01;36m[Knote: [m[K  mismatched types ‘[01m[Kconst std::__cxx11::basic_string<_CharT, _Traits, _Alloc>[m[K’ and ‘[01m[Kstd::chrono::duration<double>::rep {aka double}[m[K’
  "\n\tduration: " + tr_mult_time.count([01;36m[K)[m[K + "\n";
                                        [01;36m[K^[m[K
In file included from [01m[K/usr/include/c++/7/string:52:0[m[K,
                 from [01m[K/usr/include/c++/7/bits/locale_classes.h:40[m[K,
                 from [01m[K/usr/include/c++/7/bits/ios_base.h:41[m[K,
                 from [01m[K/usr/include/c++/7/ios:42[m[K,
                 from [01m[K/usr/include/c++/7/ostream:38[m[K,
                 from [01m[K/home/m_dyse/Dyse-Robotics/Projects/Rofous/src/rofous_gazebo_plugins/src/rofous_gazebo_plugins/Transformer_Dev.cpp:14[m[K:
[01m[K/usr/include/c++/7/bits/basic_string.h:5959:5:[m[K [01;36m[Knote: [m[Kcandidate: template<class _CharT, class _Traits, class _Alloc> std::__cxx11::basic_string<_CharT, _Traits, _Alloc> std::operator+(const std::__cxx11::basic_string<_CharT, _Traits, _Alloc>&, std::__cxx11::basic_string<_CharT, _Traits, _Alloc>&&)
     [01;36m[Koperator[m[K+(const basic_string<_CharT, _Traits, _Alloc>& __lhs,
     [01;36m[K^~~~~~~~[m[K
[01m[K/usr/include/c++/7/bits/basic_string.h:5959:5:[m[K [01;36m[Knote: [m[K  template argument deduction/substitution failed:
[01m[K/home/m_dyse/Dyse-Robotics/Projects/Rofous/src/rofous_gazebo_plugins/src/rofous_gazebo_plugins/Transformer_Dev.cpp:195:40:[m[K [01;36m[Knote: [m[K  mismatched types ‘[01m[Kstd::__cxx11::basic_string<_CharT, _Traits, _Alloc>[m[K’ and ‘[01m[Kstd::chrono::duration<double>::rep {aka double}[m[K’
  "\n\tduration: " + tr_mult_time.count([01;36m[K)[m[K + "\n";
                                        [01;36m[K^[m[K
In file included from [01m[K/usr/include/c++/7/string:52:0[m[K,
                 from [01m[K/usr/include/c++/7/bits/locale_classes.h:40[m[K,
                 from [01m[K/usr/include/c++/7/bits/ios_base.h:41[m[K,
                 from [01m[K/usr/include/c++/7/ios:42[m[K,
                 from [01m[K/usr/include/c++/7/ostream:38[m[K,
                 from [01m[K/home/m_dyse/Dyse-Robotics/Projects/Rofous/src/rofous_gazebo_plugins/src/rofous_gazebo_plugins/Transformer_Dev.cpp:14[m[K:
[01m[K/usr/include/c++/7/bits/basic_string.h:5965:5:[m[K [01;36m[Knote: [m[Kcandidate: template<class _CharT, class _Traits, class _Alloc> std::__cxx11::basic_string<_CharT, _Traits, _Alloc> std::operator+(std::__cxx11::basic_string<_CharT, _Traits, _Alloc>&&, std::__cxx11::basic_string<_CharT, _Traits, _Alloc>&&)
     [01;36m[Koperator[m[K+(basic_string<_CharT, _Traits, _Alloc>&& __lhs,
     [01;36m[K^~~~~~~~[m[K
[01m[K/usr/include/c++/7/bits/basic_string.h:5965:5:[m[K [01;36m[Knote: [m[K  template argument deduction/substitution failed:
[01m[K/home/m_dyse/Dyse-Robotics/Projects/Rofous/src/rofous_gazebo_plugins/src/rofous_gazebo_plugins/Transformer_Dev.cpp:195:40:[m[K [01;36m[Knote: [m[K  mismatched types ‘[01m[Kstd::__cxx11::basic_string<_CharT, _Traits, _Alloc>[m[K’ and ‘[01m[Kstd::chrono::duration<double>::rep {aka double}[m[K’
  "\n\tduration: " + tr_mult_time.count([01;36m[K)[m[K + "\n";
                                        [01;36m[K^[m[K
In file included from [01m[K/usr/include/c++/7/string:52:0[m[K,
                 from [01m[K/usr/include/c++/7/bits/locale_classes.h:40[m[K,
                 from [01m[K/usr/include/c++/7/bits/ios_base.h:41[m[K,
                 from [01m[K/usr/include/c++/7/ios:42[m[K,
                 from [01m[K/usr/include/c++/7/ostream:38[m[K,
                 from [01m[K/home/m_dyse/Dyse-Robotics/Projects/Rofous/src/rofous_gazebo_plugins/src/rofous_gazebo_plugins/Transformer_Dev.cpp:14[m[K:
[01m[K/usr/include/c++/7/bits/basic_string.h:5977:5:[m[K [01;36m[Knote: [m[Kcandidate: template<class _CharT, class _Traits, class _Alloc> std::__cxx11::basic_string<_CharT, _Traits, _Alloc> std::operator+(const _CharT*, std::__cxx11::basic_string<_CharT, _Traits, _Alloc>&&)
     [01;36m[Koperator[m[K+(const _CharT* __lhs,
     [01;36m[K^~~~~~~~[m[K
[01m[K/usr/include/c++/7/bits/basic_string.h:5977:5:[m[K [01;36m[Knote: [m[K  template argument deduction/substitution failed:
[01m[K/home/m_dyse/Dyse-Robotics/Projects/Rofous/src/rofous_gazebo_plugins/src/rofous_gazebo_plugins/Transformer_Dev.cpp:195:40:[m[K [01;36m[Knote: [m[K  mismatched types ‘[01m[Kconst _CharT*[m[K’ and ‘[01m[Kstd::__cxx11::basic_string<char>[m[K’
  "\n\tduration: " + tr_mult_time.count([01;36m[K)[m[K + "\n";
                                        [01;36m[K^[m[K
In file included from [01m[K/usr/include/c++/7/string:52:0[m[K,
                 from [01m[K/usr/include/c++/7/bits/locale_classes.h:40[m[K,
                 from [01m[K/usr/include/c++/7/bits/ios_base.h:41[m[K,
                 from [01m[K/usr/include/c++/7/ios:42[m[K,
                 from [01m[K/usr/include/c++/7/ostream:38[m[K,
                 from [01m[K/home/m_dyse/Dyse-Robotics/Projects/Rofous/src/rofous_gazebo_plugins/src/rofous_gazebo_plugins/Transformer_Dev.cpp:14[m[K:
[01m[K/usr/include/c++/7/bits/basic_string.h:5983:5:[m[K [01;36m[Knote: [m[Kcandidate: template<class _CharT, class _Traits, class _Alloc> std::__cxx11::basic_string<_CharT, _Traits, _Alloc> std::operator+(_CharT, std::__cxx11::basic_string<_CharT, _Traits, _Alloc>&&)
     [01;36m[Koperator[m[K+(_CharT __lhs,
     [01;36m[K^~~~~~~~[m[K
[01m[K/usr/include/c++/7/bits/basic_string.h:5983:5:[m[K [01;36m[Knote: [m[K  template argument deduction/substitution failed:
[01m[K/home/m_dyse/Dyse-Robotics/Projects/Rofous/src/rofous_gazebo_plugins/src/rofous_gazebo_plugins/Transformer_Dev.cpp:195:40:[m[K [01;36m[Knote: [m[K  mismatched types ‘[01m[Kstd::__cxx11::basic_string<_CharT, _Traits, _Alloc>[m[K’ and ‘[01m[Kstd::chrono::duration<double>::rep {aka double}[m[K’
  "\n\tduration: " + tr_mult_time.count([01;36m[K)[m[K + "\n";
                                        [01;36m[K^[m[K
In file included from [01m[K/usr/include/c++/7/string:52:0[m[K,
                 from [01m[K/usr/include/c++/7/bits/locale_classes.h:40[m[K,
                 from [01m[K/usr/include/c++/7/bits/ios_base.h:41[m[K,
                 from [01m[K/usr/include/c++/7/ios:42[m[K,
                 from [01m[K/usr/include/c++/7/ostream:38[m[K,
                 from [01m[K/home/m_dyse/Dyse-Robotics/Projects/Rofous/src/rofous_gazebo_plugins/src/rofous_gazebo_plugins/Transformer_Dev.cpp:14[m[K:
[01m[K/usr/include/c++/7/bits/basic_string.h:5989:5:[m[K [01;36m[Knote: [m[Kcandidate: template<class _CharT, class _Traits, class _Alloc> std::__cxx11::basic_string<_CharT, _Traits, _Alloc> std::operator+(std::__cxx11::basic_string<_CharT, _Traits, _Alloc>&&, const _CharT*)
     [01;36m[Koperator[m[K+(basic_string<_CharT, _Traits, _Alloc>&& __lhs,
     [01;36m[K^~~~~~~~[m[K
[01m[K/usr/include/c++/7/bits/basic_string.h:5989:5:[m[K [01;36m[Knote: [m[K  template argument deduction/substitution failed:
[01m[K/home/m_dyse/Dyse-Robotics/Projects/Rofous/src/rofous_gazebo_plugins/src/rofous_gazebo_plugins/Transformer_Dev.cpp:195:40:[m[K [01;36m[Knote: [m[K  mismatched types ‘[01m[Kconst _CharT*[m[K’ and ‘[01m[Kdouble[m[K’
  "\n\tduration: " + tr_mult_time.count([01;36m[K)[m[K + "\n";
                                        [01;36m[K^[m[K
In file included from [01m[K/usr/include/c++/7/string:52:0[m[K,
                 from [01m[K/usr/include/c++/7/bits/locale_classes.h:40[m[K,
                 from [01m[K/usr/include/c++/7/bits/ios_base.h:41[m[K,
                 from [01m[K/usr/include/c++/7/ios:42[m[K,
                 from [01m[K/usr/include/c++/7/ostream:38[m[K,
                 from [01m[K/home/m_dyse/Dyse-Robotics/Projects/Rofous/src/rofous_gazebo_plugins/src/rofous_gazebo_plugins/Transformer_Dev.cpp:14[m[K:
[01m[K/usr/include/c++/7/bits/basic_string.h:5995:5:[m[K [01;36m[Knote: [m[Kcandidate: template<class _CharT, class _Traits, class _Alloc> std::__cxx11::basic_string<_CharT, _Traits, _Alloc> std::operator+(std::__cxx11::basic_string<_CharT, _Traits, _Alloc>&&, _CharT)
     [01;36m[Koperator[m[K+(basic_string<_CharT, _Traits, _Alloc>&& __lhs,
     [01;36m[K^~~~~~~~[m[K
[01m[K/usr/include/c++/7/bits/basic_string.h:5995:5:[m[K [01;36m[Knote: [m[K  template argument deduction/substitution failed:
[01m[K/home/m_dyse/Dyse-Robotics/Projects/Rofous/src/rofous_gazebo_plugins/src/rofous_gazebo_plugins/Transformer_Dev.cpp:195:40:[m[K [01;36m[Knote: [m[K  deduced conflicting types for parameter ‘[01m[K_CharT[m[K’ (‘[01m[Kchar[m[K’ and ‘[01m[Kdouble[m[K’)
  "\n\tduration: " + tr_mult_time.count([01;36m[K)[m[K + "\n";
                                        [01;36m[K^[m[K
In file included from [01m[K/usr/include/c++/7/bits/stl_algobase.h:67:0[m[K,
                 from [01m[K/usr/include/c++/7/vector:60[m[K,
                 from [01m[K/home/m_dyse/Dyse-Robotics/Projects/Rofous/src/rofous_gazebo_plugins/src/rofous_gazebo_plugins/Transformer_Dev.cpp:10[m[K:
[01m[K/usr/include/c++/7/bits/stl_iterator.h:972:5:[m[K [01;36m[Knote: [m[Kcandidate: template<class _Iterator, class _Container> __gnu_cxx::__normal_iterator<_Iterator, _Container> __gnu_cxx::operator+(typename __gnu_cxx::__normal_iterator<_Iterator, _Container>::difference_type, const __gnu_cxx::__normal_iterator<_Iterator, _Container>&)
     [01;36m[Koperator[m[K+(typename __normal_iterator<_Iterator, _Container>::difference_type
     [01;36m[K^~~~~~~~[m[K
[01m[K/usr/include/c++/7/bits/stl_iterator.h:972:5:[m[K [01;36m[Knote: [m[K  template argument deduction/substitution failed:
[01m[K/home/m_dyse/Dyse-Robotics/Projects/Rofous/src/rofous_gazebo_plugins/src/rofous_gazebo_plugins/Transformer_Dev.cpp:195:40:[m[K [01;36m[Knote: [m[K  mismatched types ‘[01m[Kconst __gnu_cxx::__normal_iterator<_Iterator, _Container>[m[K’ and ‘[01m[Kstd::chrono::duration<double>::rep {aka double}[m[K’
  "\n\tduration: " + tr_mult_time.count([01;36m[K)[m[K + "\n";
                                        [01;36m[K^[m[K
[01m[K/home/m_dyse/Dyse-Robotics/Projects/Rofous/src/rofous_gazebo_plugins/src/rofous_gazebo_plugins/Transformer_Dev.cpp:225:19:[m[K [01;31m[Kerror: [m[Kno match for ‘[01m[Koperator+[m[K’ (operand types are ‘[01m[Kstd::__cxx11::basic_string<char>[m[K’ and ‘[01m[Kstd::chrono::duration<double>::rep {aka double}[m[K’)
  test.info += [01;31m[K"\n\tTransformed X:\n" + x_axis.as_string() +[m[K
               [01;31m[K~~~~~~~~~~~~~~~~~~~~~~~~~~~~~~~~~~~~~~~~~~~~~[m[K
 [01;31m[K "\n\tTransformed Y:\n" + y_axis.as_string() +[m[K
  [01;31m[K~~~~~~~~~~~~~~~~~~~~~~~~~~~~~~~~~~~~~~~~~~~~~[m[K
 [01;31m[K "\n\tTransformed Z:\n" + z_axis.as_string() +[m[K
  [01;31m[K~~~~~~~~~~~~~~~~~~~~~~~~~~~~~~~~~~~~~~~~~~~~~[m[K
 [01;31m[K "\n\tduration: " + tr_mult_time.count()[m[K + "\n";
  [01;31m[K~~~~~~~~~~~~~~~~~^~~~~~~~~~~~~~~~~~~~~~[m[K
In file included from [01m[K/usr/include/c++/7/bits/stl_algobase.h:67:0[m[K,
                 from [01m[K/usr/include/c++/7/vector:60[m[K,
                 from [01m[K/home/m_dyse/Dyse-Robotics/Projects/Rofous/src/rofous_gazebo_plugins/src/rofous_gazebo_plugins/Transformer_Dev.cpp:10[m[K:
[01m[K/usr/include/c++/7/bits/stl_iterator.h:400:5:[m[K [01;36m[Knote: [m[Kcandidate: template<class _Iterator> std::reverse_iterator<_Iterator> std::operator+(typename std::reverse_iterator<_Iterator>::difference_type, const std::reverse_iterator<_Iterator>&)
     [01;36m[Koperator[m[K+(typename reverse_iterator<_Iterator>::difference_type __n,
     [01;36m[K^~~~~~~~[m[K
[01m[K/usr/include/c++/7/bits/stl_iterator.h:400:5:[m[K [01;36m[Knote: [m[K  template argument deduction/substitution failed:
[01m[K/home/m_dyse/Dyse-Robotics/Projects/Rofous/src/rofous_gazebo_plugins/src/rofous_gazebo_plugins/Transformer_Dev.cpp:225:40:[m[K [01;36m[Knote: [m[K  mismatched types ‘[01m[Kconst std::reverse_iterator<_Iterator>[m[K’ and ‘[01m[Kstd::chrono::duration<double>::rep {aka double}[m[K’
  "\n\tduration: " + tr_mult_time.count([01;36m[K)[m[K + "\n";
                                        [01;36m[K^[m[K
In file included from [01m[K/usr/include/c++/7/bits/stl_algobase.h:67:0[m[K,
                 from [01m[K/usr/include/c++/7/vector:60[m[K,
                 from [01m[K/home/m_dyse/Dyse-Robotics/Projects/Rofous/src/rofous_gazebo_plugins/src/rofous_gazebo_plugins/Transformer_Dev.cpp:10[m[K:
[01m[K/usr/include/c++/7/bits/stl_iterator.h:1201:5:[m[K [01;36m[Knote: [m[Kcandidate: template<class _Iterator> std::move_iterator<_IteratorL> std::operator+(typename std::move_iterator<_IteratorL>::difference_type, const std::move_iterator<_IteratorL>&)
     [01;36m[Koperator[m[K+(typename move_iterator<_Iterator>::difference_type __n,
     [01;36m[K^~~~~~~~[m[K
[01m[K/usr/include/c++/7/bits/stl_iterator.h:1201:5:[m[K [01;36m[Knote: [m[K  template argument deduction/substitution failed:
[01m[K/home/m_dyse/Dyse-Robotics/Projects/Rofous/src/rofous_gazebo_plugins/src/rofous_gazebo_plugins/Transformer_Dev.cpp:225:40:[m[K [01;36m[Knote: [m[K  mismatched types ‘[01m[Kconst std::move_iterator<_IteratorL>[m[K’ and ‘[01m[Kstd::chrono::duration<double>::rep {aka double}[m[K’
  "\n\tduration: " + tr_mult_time.count([01;36m[K)[m[K + "\n";
                                        [01;36m[K^[m[K
In file included from [01m[K/usr/include/c++/7/vector:65:0[m[K,
                 from [01m[K/home/m_dyse/Dyse-Robotics/Projects/Rofous/src/rofous_gazebo_plugins/src/rofous_gazebo_plugins/Transformer_Dev.cpp:10[m[K:
[01m[K/usr/include/c++/7/bits/stl_bvector.h:297:3:[m[K [01;36m[Knote: [m[Kcandidate: std::_Bit_iterator std::operator+(std::ptrdiff_t, const std::_Bit_iterator&)
   [01;36m[Koperator[m[K+(ptrdiff_t __n, const _Bit_iterator& __x)
   [01;36m[K^~~~~~~~[m[K
[01m[K/usr/include/c++/7/bits/stl_bvector.h:297:3:[m[K [01;36m[Knote: [m[K  no known conversion for argument 1 from ‘[01m[Kstd::__cxx11::basic_string<char>[m[K’ to ‘[01m[Kstd::ptrdiff_t {aka long int}[m[K’
[01m[K/usr/include/c++/7/bits/stl_bvector.h:387:3:[m[K [01;36m[Knote: [m[Kcandidate: std::_Bit_const_iterator std::operator+(std::ptrdiff_t, const std::_Bit_const_iterator&)
   [01;36m[Koperator[m[K+(ptrdiff_t __n, const _Bit_const_iterator& __x)
   [01;36m[K^~~~~~~~[m[K
[01m[K/usr/include/c++/7/bits/stl_bvector.h:387:3:[m[K [01;36m[Knote: [m[K  no known conversion for argument 1 from ‘[01m[Kstd::__cxx11::basic_string<char>[m[K’ to ‘[01m[Kstd::ptrdiff_t {aka long int}[m[K’
In file included from [01m[K/usr/include/c++/7/string:52:0[m[K,
                 from [01m[K/usr/include/c++/7/bits/locale_classes.h:40[m[K,
                 from [01m[K/usr/include/c++/7/bits/ios_base.h:41[m[K,
                 from [01m[K/usr/include/c++/7/ios:42[m[K,
                 from [01m[K/usr/include/c++/7/ostream:38[m[K,
                 from [01m[K/home/m_dyse/Dyse-Robotics/Projects/Rofous/src/rofous_gazebo_plugins/src/rofous_gazebo_plugins/Transformer_Dev.cpp:14[m[K:
[01m[K/usr/include/c++/7/bits/basic_string.h:5888:5:[m[K [01;36m[Knote: [m[Kcandidate: template<class _CharT, class _Traits, class _Alloc> std::__cxx11::basic_string<_CharT, _Traits, _Alloc> std::operator+(const std::__cxx11::basic_string<_CharT, _Traits, _Alloc>&, const std::__cxx11::basic_string<_CharT, _Traits, _Alloc>&)
     [01;36m[Koperator[m[K+(const basic_string<_CharT, _Traits, _Alloc>& __lhs,
     [01;36m[K^~~~~~~~[m[K
[01m[K/usr/include/c++/7/bits/basic_string.h:5888:5:[m[K [01;36m[Knote: [m[K  template argument deduction/substitution failed:
[01m[K/home/m_dyse/Dyse-Robotics/Projects/Rofous/src/rofous_gazebo_plugins/src/rofous_gazebo_plugins/Transformer_Dev.cpp:225:40:[m[K [01;36m[Knote: [m[K  mismatched types ‘[01m[Kconst std::__cxx11::basic_string<_CharT, _Traits, _Alloc>[m[K’ and ‘[01m[Kstd::chrono::duration<double>::rep {aka double}[m[K’
  "\n\tduration: " + tr_mult_time.count([01;36m[K)[m[K + "\n";
                                        [01;36m[K^[m[K
In file included from [01m[K/usr/include/c++/7/string:53:0[m[K,
                 from [01m[K/usr/include/c++/7/bits/locale_classes.h:40[m[K,
                 from [01m[K/usr/include/c++/7/bits/ios_base.h:41[m[K,
                 from [01m[K/usr/include/c++/7/ios:42[m[K,
                 from [01m[K/usr/include/c++/7/ostream:38[m[K,
                 from [01m[K/home/m_dyse/Dyse-Robotics/Projects/Rofous/src/rofous_gazebo_plugins/src/rofous_gazebo_plugins/Transformer_Dev.cpp:14[m[K:
[01m[K/usr/include/c++/7/bits/basic_string.tcc:1157:5:[m[K [01;36m[Knote: [m[Kcandidate: template<class _CharT, class _Traits, class _Alloc> std::__cxx11::basic_string<_CharT, _Traits, _Alloc> std::operator+(const _CharT*, const std::__cxx11::basic_string<_CharT, _Traits, _Alloc>&)
     [01;36m[Koperator[m[K+(const _CharT* __lhs,
     [01;36m[K^~~~~~~~[m[K
[01m[K/usr/include/c++/7/bits/basic_string.tcc:1157:5:[m[K [01;36m[Knote: [m[K  template argument deduction/substitution failed:
[01m[K/home/m_dyse/Dyse-Robotics/Projects/Rofous/src/rofous_gazebo_plugins/src/rofous_gazebo_plugins/Transformer_Dev.cpp:225:40:[m[K [01;36m[Knote: [m[K  mismatched types ‘[01m[Kconst _CharT*[m[K’ and ‘[01m[Kstd::__cxx11::basic_string<char>[m[K’
  "\n\tduration: " + tr_mult_time.count([01;36m[K)[m[K + "\n";
                                        [01;36m[K^[m[K
In file included from [01m[K/usr/include/c++/7/string:53:0[m[K,
                 from [01m[K/usr/include/c++/7/bits/locale_classes.h:40[m[K,
                 from [01m[K/usr/include/c++/7/bits/ios_base.h:41[m[K,
                 from [01m[K/usr/include/c++/7/ios:42[m[K,
                 from [01m[K/usr/include/c++/7/ostream:38[m[K,
                 from [01m[K/home/m_dyse/Dyse-Robotics/Projects/Rofous/src/rofous_gazebo_plugins/src/rofous_gazebo_plugins/Transformer_Dev.cpp:14[m[K:
[01m[K/usr/include/c++/7/bits/basic_string.tcc:1173:5:[m[K [01;36m[Knote: [m[Kcandidate: template<class _CharT, class _Traits, class _Alloc> std::__cxx11::basic_string<_CharT, _Traits, _Alloc> std::operator+(_CharT, const std::__cxx11::basic_string<_CharT, _Traits, _Alloc>&)
     [01;36m[Koperator[m[K+(_CharT __lhs, const basic_string<_CharT, _Traits, _Alloc>& __rhs)
     [01;36m[K^~~~~~~~[m[K
[01m[K/usr/include/c++/7/bits/basic_string.tcc:1173:5:[m[K [01;36m[Knote: [m[K  template argument deduction/substitution failed:
[01m[K/home/m_dyse/Dyse-Robotics/Projects/Rofous/src/rofous_gazebo_plugins/src/rofous_gazebo_plugins/Transformer_Dev.cpp:225:40:[m[K [01;36m[Knote: [m[K  mismatched types ‘[01m[Kconst std::__cxx11::basic_string<_CharT, _Traits, _Alloc>[m[K’ and ‘[01m[Kstd::chrono::duration<double>::rep {aka double}[m[K’
  "\n\tduration: " + tr_mult_time.count([01;36m[K)[m[K + "\n";
                                        [01;36m[K^[m[K
In file included from [01m[K/usr/include/c++/7/string:52:0[m[K,
                 from [01m[K/usr/include/c++/7/bits/locale_classes.h:40[m[K,
                 from [01m[K/usr/include/c++/7/bits/ios_base.h:41[m[K,
                 from [01m[K/usr/include/c++/7/ios:42[m[K,
                 from [01m[K/usr/include/c++/7/ostream:38[m[K,
                 from [01m[K/home/m_dyse/Dyse-Robotics/Projects/Rofous/src/rofous_gazebo_plugins/src/rofous_gazebo_plugins/Transformer_Dev.cpp:14[m[K:
[01m[K/usr/include/c++/7/bits/basic_string.h:5925:5:[m[K [01;36m[Knote: [m[Kcandidate: template<class _CharT, class _Traits, class _Alloc> std::__cxx11::basic_string<_CharT, _Traits, _Alloc> std::operator+(const std::__cxx11::basic_string<_CharT, _Traits, _Alloc>&, const _CharT*)
     [01;36m[Koperator[m[K+(const basic_string<_CharT, _Traits, _Alloc>& __lhs,
     [01;36m[K^~~~~~~~[m[K
[01m[K/usr/include/c++/7/bits/basic_string.h:5925:5:[m[K [01;36m[Knote: [m[K  template argument deduction/substitution failed:
[01m[K/home/m_dyse/Dyse-Robotics/Projects/Rofous/src/rofous_gazebo_plugins/src/rofous_gazebo_plugins/Transformer_Dev.cpp:225:40:[m[K [01;36m[Knote: [m[K  mismatched types ‘[01m[Kconst _CharT*[m[K’ and ‘[01m[Kdouble[m[K’
  "\n\tduration: " + tr_mult_time.count([01;36m[K)[m[K + "\n";
                                        [01;36m[K^[m[K
In file included from [01m[K/usr/include/c++/7/string:52:0[m[K,
                 from [01m[K/usr/include/c++/7/bits/locale_classes.h:40[m[K,
                 from [01m[K/usr/include/c++/7/bits/ios_base.h:41[m[K,
                 from [01m[K/usr/include/c++/7/ios:42[m[K,
                 from [01m[K/usr/include/c++/7/ostream:38[m[K,
                 from [01m[K/home/m_dyse/Dyse-Robotics/Projects/Rofous/src/rofous_gazebo_plugins/src/rofous_gazebo_plugins/Transformer_Dev.cpp:14[m[K:
[01m[K/usr/include/c++/7/bits/basic_string.h:5941:5:[m[K [01;36m[Knote: [m[Kcandidate: template<class _CharT, class _Traits, class _Alloc> std::__cxx11::basic_string<_CharT, _Traits, _Alloc> std::operator+(const std::__cxx11::basic_string<_CharT, _Traits, _Alloc>&, _CharT)
     [01;36m[Koperator[m[K+(const basic_string<_CharT, _Traits, _Alloc>& __lhs, _CharT __rhs)
     [01;36m[K^~~~~~~~[m[K
[01m[K/usr/include/c++/7/bits/basic_string.h:5941:5:[m[K [01;36m[Knote: [m[K  template argument deduction/substitution failed:
[01m[K/home/m_dyse/Dyse-Robotics/Projects/Rofous/src/rofous_gazebo_plugins/src/rofous_gazebo_plugins/Transformer_Dev.cpp:225:40:[m[K [01;36m[Knote: [m[K  deduced conflicting types for parameter ‘[01m[K_CharT[m[K’ (‘[01m[Kchar[m[K’ and ‘[01m[Kdouble[m[K’)
  "\n\tduration: " + tr_mult_time.count([01;36m[K)[m[K + "\n";
                                        [01;36m[K^[m[K
In file included from [01m[K/usr/include/c++/7/string:52:0[m[K,
                 from [01m[K/usr/include/c++/7/bits/locale_classes.h:40[m[K,
                 from [01m[K/usr/include/c++/7/bits/ios_base.h:41[m[K,
                 from [01m[K/usr/include/c++/7/ios:42[m[K,
                 from [01m[K/usr/include/c++/7/ostream:38[m[K,
                 from [01m[K/home/m_dyse/Dyse-Robotics/Projects/Rofous/src/rofous_gazebo_plugins/src/rofous_gazebo_plugins/Transformer_Dev.cpp:14[m[K:
[01m[K/usr/include/c++/7/bits/basic_string.h:5953:5:[m[K [01;36m[Knote: [m[Kcandidate: template<class _CharT, class _Traits, class _Alloc> std::__cxx11::basic_string<_CharT, _Traits, _Alloc> std::operator+(std::__cxx11::basic_string<_CharT, _Traits, _Alloc>&&, const std::__cxx11::basic_string<_CharT, _Traits, _Alloc>&)
     [01;36m[Koperator[m[K+(basic_string<_CharT, _Traits, _Alloc>&& __lhs,
     [01;36m[K^~~~~~~~[m[K
[01m[K/usr/include/c++/7/bits/basic_string.h:5953:5:[m[K [01;36m[Knote: [m[K  template argument deduction/substitution failed:
[01m[K/home/m_dyse/Dyse-Robotics/Projects/Rofous/src/rofous_gazebo_plugins/src/rofous_gazebo_plugins/Transformer_Dev.cpp:225:40:[m[K [01;36m[Knote: [m[K  mismatched types ‘[01m[Kconst std::__cxx11::basic_string<_CharT, _Traits, _Alloc>[m[K’ and ‘[01m[Kstd::chrono::duration<double>::rep {aka double}[m[K’
  "\n\tduration: " + tr_mult_time.count([01;36m[K)[m[K + "\n";
                                        [01;36m[K^[m[K
In file included from [01m[K/usr/include/c++/7/string:52:0[m[K,
                 from [01m[K/usr/include/c++/7/bits/locale_classes.h:40[m[K,
                 from [01m[K/usr/include/c++/7/bits/ios_base.h:41[m[K,
                 from [01m[K/usr/include/c++/7/ios:42[m[K,
                 from [01m[K/usr/include/c++/7/ostream:38[m[K,
                 from [01m[K/home/m_dyse/Dyse-Robotics/Projects/Rofous/src/rofous_gazebo_plugins/src/rofous_gazebo_plugins/Transformer_Dev.cpp:14[m[K:
[01m[K/usr/include/c++/7/bits/basic_string.h:5959:5:[m[K [01;36m[Knote: [m[Kcandidate: template<class _CharT, class _Traits, class _Alloc> std::__cxx11::basic_string<_CharT, _Traits, _Alloc> std::operator+(const std::__cxx11::basic_string<_CharT, _Traits, _Alloc>&, std::__cxx11::basic_string<_CharT, _Traits, _Alloc>&&)
     [01;36m[Koperator[m[K+(const basic_string<_CharT, _Traits, _Alloc>& __lhs,
     [01;36m[K^~~~~~~~[m[K
[01m[K/usr/include/c++/7/bits/basic_string.h:5959:5:[m[K [01;36m[Knote: [m[K  template argument deduction/substitution failed:
[01m[K/home/m_dyse/Dyse-Robotics/Projects/Rofous/src/rofous_gazebo_plugins/src/rofous_gazebo_plugins/Transformer_Dev.cpp:225:40:[m[K [01;36m[Knote: [m[K  mismatched types ‘[01m[Kstd::__cxx11::basic_string<_CharT, _Traits, _Alloc>[m[K’ and ‘[01m[Kstd::chrono::duration<double>::rep {aka double}[m[K’
  "\n\tduration: " + tr_mult_time.count([01;36m[K)[m[K + "\n";
                                        [01;36m[K^[m[K
In file included from [01m[K/usr/include/c++/7/string:52:0[m[K,
                 from [01m[K/usr/include/c++/7/bits/locale_classes.h:40[m[K,
                 from [01m[K/usr/include/c++/7/bits/ios_base.h:41[m[K,
                 from [01m[K/usr/include/c++/7/ios:42[m[K,
                 from [01m[K/usr/include/c++/7/ostream:38[m[K,
                 from [01m[K/home/m_dyse/Dyse-Robotics/Projects/Rofous/src/rofous_gazebo_plugins/src/rofous_gazebo_plugins/Transformer_Dev.cpp:14[m[K:
[01m[K/usr/include/c++/7/bits/basic_string.h:5965:5:[m[K [01;36m[Knote: [m[Kcandidate: template<class _CharT, class _Traits, class _Alloc> std::__cxx11::basic_string<_CharT, _Traits, _Alloc> std::operator+(std::__cxx11::basic_string<_CharT, _Traits, _Alloc>&&, std::__cxx11::basic_string<_CharT, _Traits, _Alloc>&&)
     [01;36m[Koperator[m[K+(basic_string<_CharT, _Traits, _Alloc>&& __lhs,
     [01;36m[K^~~~~~~~[m[K
[01m[K/usr/include/c++/7/bits/basic_string.h:5965:5:[m[K [01;36m[Knote: [m[K  template argument deduction/substitution failed:
[01m[K/home/m_dyse/Dyse-Robotics/Projects/Rofous/src/rofous_gazebo_plugins/src/rofous_gazebo_plugins/Transformer_Dev.cpp:225:40:[m[K [01;36m[Knote: [m[K  mismatched types ‘[01m[Kstd::__cxx11::basic_string<_CharT, _Traits, _Alloc>[m[K’ and ‘[01m[Kstd::chrono::duration<double>::rep {aka double}[m[K’
  "\n\tduration: " + tr_mult_time.count([01;36m[K)[m[K + "\n";
                                        [01;36m[K^[m[K
In file included from [01m[K/usr/include/c++/7/string:52:0[m[K,
                 from [01m[K/usr/include/c++/7/bits/locale_classes.h:40[m[K,
                 from [01m[K/usr/include/c++/7/bits/ios_base.h:41[m[K,
                 from [01m[K/usr/include/c++/7/ios:42[m[K,
                 from [01m[K/usr/include/c++/7/ostream:38[m[K,
                 from [01m[K/home/m_dyse/Dyse-Robotics/Projects/Rofous/src/rofous_gazebo_plugins/src/rofous_gazebo_plugins/Transformer_Dev.cpp:14[m[K:
[01m[K/usr/include/c++/7/bits/basic_string.h:5977:5:[m[K [01;36m[Knote: [m[Kcandidate: template<class _CharT, class _Traits, class _Alloc> std::__cxx11::basic_string<_CharT, _Traits, _Alloc> std::operator+(const _CharT*, std::__cxx11::basic_string<_CharT, _Traits, _Alloc>&&)
     [01;36m[Koperator[m[K+(const _CharT* __lhs,
     [01;36m[K^~~~~~~~[m[K
[01m[K/usr/include/c++/7/bits/basic_string.h:5977:5:[m[K [01;36m[Knote: [m[K  template argument deduction/substitution failed:
[01m[K/home/m_dyse/Dyse-Robotics/Projects/Rofous/src/rofous_gazebo_plugins/src/rofous_gazebo_plugins/Transformer_Dev.cpp:225:40:[m[K [01;36m[Knote: [m[K  mismatched types ‘[01m[Kconst _CharT*[m[K’ and ‘[01m[Kstd::__cxx11::basic_string<char>[m[K’
  "\n\tduration: " + tr_mult_time.count([01;36m[K)[m[K + "\n";
                                        [01;36m[K^[m[K
In file included from [01m[K/usr/include/c++/7/string:52:0[m[K,
                 from [01m[K/usr/include/c++/7/bits/locale_classes.h:40[m[K,
                 from [01m[K/usr/include/c++/7/bits/ios_base.h:41[m[K,
                 from [01m[K/usr/include/c++/7/ios:42[m[K,
                 from [01m[K/usr/include/c++/7/ostream:38[m[K,
                 from [01m[K/home/m_dyse/Dyse-Robotics/Projects/Rofous/src/rofous_gazebo_plugins/src/rofous_gazebo_plugins/Transformer_Dev.cpp:14[m[K:
[01m[K/usr/include/c++/7/bits/basic_string.h:5983:5:[m[K [01;36m[Knote: [m[Kcandidate: template<class _CharT, class _Traits, class _Alloc> std::__cxx11::basic_string<_CharT, _Traits, _Alloc> std::operator+(_CharT, std::__cxx11::basic_string<_CharT, _Traits, _Alloc>&&)
     [01;36m[Koperator[m[K+(_CharT __lhs,
     [01;36m[K^~~~~~~~[m[K
[01m[K/usr/include/c++/7/bits/basic_string.h:5983:5:[m[K [01;36m[Knote: [m[K  template argument deduction/substitution failed:
[01m[K/home/m_dyse/Dyse-Robotics/Projects/Rofous/src/rofous_gazebo_plugins/src/rofous_gazebo_plugins/Transformer_Dev.cpp:225:40:[m[K [01;36m[Knote: [m[K  mismatched types ‘[01m[Kstd::__cxx11::basic_string<_CharT, _Traits, _Alloc>[m[K’ and ‘[01m[Kstd::chrono::duration<double>::rep {aka double}[m[K’
  "\n\tduration: " + tr_mult_time.count([01;36m[K)[m[K + "\n";
                                        [01;36m[K^[m[K
In file included from [01m[K/usr/include/c++/7/string:52:0[m[K,
                 from [01m[K/usr/include/c++/7/bits/locale_classes.h:40[m[K,
                 from [01m[K/usr/include/c++/7/bits/ios_base.h:41[m[K,
                 from [01m[K/usr/include/c++/7/ios:42[m[K,
                 from [01m[K/usr/include/c++/7/ostream:38[m[K,
                 from [01m[K/home/m_dyse/Dyse-Robotics/Projects/Rofous/src/rofous_gazebo_plugins/src/rofous_gazebo_plugins/Transformer_Dev.cpp:14[m[K:
[01m[K/usr/include/c++/7/bits/basic_string.h:5989:5:[m[K [01;36m[Knote: [m[Kcandidate: template<class _CharT, class _Traits, class _Alloc> std::__cxx11::basic_string<_CharT, _Traits, _Alloc> std::operator+(std::__cxx11::basic_string<_CharT, _Traits, _Alloc>&&, const _CharT*)
     [01;36m[Koperator[m[K+(basic_string<_CharT, _Traits, _Alloc>&& __lhs,
     [01;36m[K^~~~~~~~[m[K
[01m[K/usr/include/c++/7/bits/basic_string.h:5989:5:[m[K [01;36m[Knote: [m[K  template argument deduction/substitution failed:
[01m[K/home/m_dyse/Dyse-Robotics/Projects/Rofous/src/rofous_gazebo_plugins/src/rofous_gazebo_plugins/Transformer_Dev.cpp:225:40:[m[K [01;36m[Knote: [m[K  mismatched types ‘[01m[Kconst _CharT*[m[K’ and ‘[01m[Kdouble[m[K’
  "\n\tduration: " + tr_mult_time.count([01;36m[K)[m[K + "\n";
                                        [01;36m[K^[m[K
In file included from [01m[K/usr/include/c++/7/string:52:0[m[K,
                 from [01m[K/usr/include/c++/7/bits/locale_classes.h:40[m[K,
                 from [01m[K/usr/include/c++/7/bits/ios_base.h:41[m[K,
                 from [01m[K/usr/include/c++/7/ios:42[m[K,
                 from [01m[K/usr/include/c++/7/ostream:38[m[K,
                 from [01m[K/home/m_dyse/Dyse-Robotics/Projects/Rofous/src/rofous_gazebo_plugins/src/rofous_gazebo_plugins/Transformer_Dev.cpp:14[m[K:
[01m[K/usr/include/c++/7/bits/basic_string.h:5995:5:[m[K [01;36m[Knote: [m[Kcandidate: template<class _CharT, class _Traits, class _Alloc> std::__cxx11::basic_string<_CharT, _Traits, _Alloc> std::operator+(std::__cxx11::basic_string<_CharT, _Traits, _Alloc>&&, _CharT)
     [01;36m[Koperator[m[K+(basic_string<_CharT, _Traits, _Alloc>&& __lhs,
     [01;36m[K^~~~~~~~[m[K
[01m[K/usr/include/c++/7/bits/basic_string.h:5995:5:[m[K [01;36m[Knote: [m[K  template argument deduction/substitution failed:
[01m[K/home/m_dyse/Dyse-Robotics/Projects/Rofous/src/rofous_gazebo_plugins/src/rofous_gazebo_plugins/Transformer_Dev.cpp:225:40:[m[K [01;36m[Knote: [m[K  deduced conflicting types for parameter ‘[01m[K_CharT[m[K’ (‘[01m[Kchar[m[K’ and ‘[01m[Kdouble[m[K’)
  "\n\tduration: " + tr_mult_time.count([01;36m[K)[m[K + "\n";
                                        [01;36m[K^[m[K
In file included from [01m[K/usr/include/c++/7/bits/stl_algobase.h:67:0[m[K,
                 from [01m[K/usr/include/c++/7/vector:60[m[K,
                 from [01m[K/home/m_dyse/Dyse-Robotics/Projects/Rofous/src/rofous_gazebo_plugins/src/rofous_gazebo_plugins/Transformer_Dev.cpp:10[m[K:
[01m[K/usr/include/c++/7/bits/stl_iterator.h:972:5:[m[K [01;36m[Knote: [m[Kcandidate: template<class _Iterator, class _Container> __gnu_cxx::__normal_iterator<_Iterator, _Container> __gnu_cxx::operator+(typename __gnu_cxx::__normal_iterator<_Iterator, _Container>::difference_type, const __gnu_cxx::__normal_iterator<_Iterator, _Container>&)
     [01;36m[Koperator[m[K+(typename __normal_iterator<_Iterator, _Container>::difference_type
     [01;36m[K^~~~~~~~[m[K
[01m[K/usr/include/c++/7/bits/stl_iterator.h:972:5:[m[K [01;36m[Knote: [m[K  template argument deduction/substitution failed:
[01m[K/home/m_dyse/Dyse-Robotics/Projects/Rofous/src/rofous_gazebo_plugins/src/rofous_gazebo_plugins/Transformer_Dev.cpp:225:40:[m[K [01;36m[Knote: [m[K  mismatched types ‘[01m[Kconst __gnu_cxx::__normal_iterator<_Iterator, _Container>[m[K’ and ‘[01m[Kstd::chrono::duration<double>::rep {aka double}[m[K’
  "\n\tduration: " + tr_mult_time.count([01;36m[K)[m[K + "\n";
                                        [01;36m[K^[m[K
make[2]: *** [CMakeFiles/Transformer_Test.dir/src/rofous_gazebo_plugins/Transformer_Dev.cpp.o] Error 1
make[2]: *** Waiting for unfinished jobs....
make[1]: *** [CMakeFiles/Transformer_Test.dir/all] Error 2
make: *** [all] Error 2
