In file included from [01m[K/usr/include/gazebo-9/gazebo/common/common.hh:19:0[m[K,
                 from [01m[K/usr/include/gazebo-9/gazebo/gazebo_core.hh:19[m[K,
                 from [01m[K/usr/include/gazebo-9/gazebo/gazebo.hh:20[m[K,
                 from [01m[K/home/m_dyse/Dyse-Robotics/Projects/Rofous/src/rofous_gazebo_plugins/include/rofous_gazebo_plugins/rofous_gazebo_plugin.hpp:6[m[K,
                 from [01m[K/home/m_dyse/Dyse-Robotics/Projects/Rofous/src/rofous_gazebo_plugins/src/rofous_gazebo_plugins/rofous_gazebo_plugin.cpp:1[m[K:
/usr/include/gazebo-9/gazebo/common/Events.hh: In instantiation of ‘[01m[Kstatic gazebo::event::ConnectionPtr gazebo::event::Events::ConnectWorldUpdateBegin(T) [with T = std::_Bind<void (gazebo::RofousPlugin::*(gazebo::RofousPlugin*, boost::arg<1>))(const gazebo::common::UpdateInfo&)>; gazebo::event::ConnectionPtr = boost::shared_ptr<gazebo::event::Connection>][m[K’:
[01m[K/home/m_dyse/Dyse-Robotics/Projects/Rofous/src/rofous_gazebo_plugins/src/rofous_gazebo_plugins/rofous_gazebo_plugin.cpp:38:47:[m[K   required from here
[01m[K/usr/include/gazebo-9/gazebo/common/Events.hh:109:60:[m[K [01;31m[Kerror: [m[Kno matching function for call to ‘[01m[Kgazebo::event::EventT<void(const gazebo::common::UpdateInfo&)>::Connect(std::_Bind<void (gazebo::RofousPlugin::*(gazebo::RofousPlugin*, boost::arg<1>))(const gazebo::common::UpdateInfo&)>&)[m[K’
               { return worldUpdateBegin.Connect(_subscriber[01;31m[K)[m[K; }
                                                            [01;31m[K^[m[K
In file included from [01m[K/usr/include/gazebo-9/gazebo/common/common.hh:18:0[m[K,
                 from [01m[K/usr/include/gazebo-9/gazebo/gazebo_core.hh:19[m[K,
                 from [01m[K/usr/include/gazebo-9/gazebo/gazebo.hh:20[m[K,
                 from [01m[K/home/m_dyse/Dyse-Robotics/Projects/Rofous/src/rofous_gazebo_plugins/include/rofous_gazebo_plugins/rofous_gazebo_plugin.hpp:6[m[K,
                 from [01m[K/home/m_dyse/Dyse-Robotics/Projects/Rofous/src/rofous_gazebo_plugins/src/rofous_gazebo_plugins/rofous_gazebo_plugin.cpp:1[m[K:
[01m[K/usr/include/gazebo-9/gazebo/common/Event.hh:558:19:[m[K [01;36m[Knote: [m[Kcandidate: gazebo::event::ConnectionPtr gazebo::event::EventT<T>::Connect(const std::function<T>&) [with T = void(const gazebo::common::UpdateInfo&); gazebo::event::ConnectionPtr = boost::shared_ptr<gazebo::event::Connection>]
     ConnectionPtr [01;36m[KEventT<T>[m[K::Connect(const std::function<T> &_subscriber)
                   [01;36m[K^~~~~~~~~[m[K
[01m[K/usr/include/gazebo-9/gazebo/common/Event.hh:558:19:[m[K [01;36m[Knote: [m[K  no known conversion for argument 1 from ‘[01m[Kstd::_Bind<void (gazebo::RofousPlugin::*(gazebo::RofousPlugin*, boost::arg<1>))(const gazebo::common::UpdateInfo&)>[m[K’ to ‘[01m[Kconst std::function<void(const gazebo::common::UpdateInfo&)>&[m[K’
make[2]: *** [CMakeFiles/rofous_gazebo_plugins.dir/src/rofous_gazebo_plugins/rofous_gazebo_plugin.cpp.o] Error 1
make[1]: *** [CMakeFiles/rofous_gazebo_plugins.dir/all] Error 2
make: *** [all] Error 2
