[35m[1mScanning dependencies of target std_msgs_generate_messages_lisp[0m
[35m[1mScanning dependencies of target Transformer_Test[0m
[35m[1mScanning dependencies of target rosgraph_msgs_generate_messages_lisp[0m
[35m[1mScanning dependencies of target rosgraph_msgs_generate_messages_eus[0m
[35m[1mScanning dependencies of target Aerial_Device_Test[0m
[35m[1mScanning dependencies of target std_msgs_generate_messages_py[0m
[35m[1mScanning dependencies of target rosgraph_msgs_generate_messages_py[0m
[35m[1mScanning dependencies of target rosgraph_msgs_generate_messages_nodejs[0m
[35m[1mScanning dependencies of target std_msgs_generate_messages_nodejs[0m
[35m[1mScanning dependencies of target rofous_gazebo_plugins[0m
[35m[1mScanning dependencies of target std_msgs_generate_messages_eus[0m
[35m[1mScanning dependencies of target rosgraph_msgs_generate_messages_cpp[0m
[35m[1mScanning dependencies of target std_msgs_generate_messages_cpp[0m
[  0%] Built target std_msgs_generate_messages_lisp
[  0%] Built target rosgraph_msgs_generate_messages_lisp
[  0%] Built target rosgraph_msgs_generate_messages_eus
[  0%] Built target rosgraph_msgs_generate_messages_py
[  0%] Built target std_msgs_generate_messages_py
[  0%] Built target rosgraph_msgs_generate_messages_nodejs
[  0%] Built target std_msgs_generate_messages_eus
[  0%] Built target std_msgs_generate_messages_nodejs
[  0%] Built target rosgraph_msgs_generate_messages_cpp
[  0%] Built target std_msgs_generate_messages_cpp
[ 13%] [32mBuilding CXX object CMakeFiles/Transformer_Test.dir/src/rofous_gazebo_plugins/Transformer.cpp.o[0m
[ 13%] [32mBuilding CXX object CMakeFiles/Transformer_Test.dir/src/rofous_gazebo_plugins/Transformer_Dev.cpp.o[0m
[ 20%] [32mBuilding CXX object CMakeFiles/Transformer_Test.dir/src/rofous_gazebo_plugins/Matrix.cpp.o[0m
[ 26%] [32mBuilding CXX object CMakeFiles/Aerial_Device_Test.dir/src/rofous_gazebo_plugins/Aerial_Device_Dev.cpp.o[0m
[ 33%] [32mBuilding CXX object CMakeFiles/Aerial_Device_Test.dir/src/rofous_gazebo_plugins/Aerial_Device.cpp.o[0m
[35m[1mScanning dependencies of target rofous_gazebo_plugins_generate_messages_lisp[0m
[ 46%] [32mBuilding CXX object CMakeFiles/Aerial_Device_Test.dir/src/rofous_gazebo_plugins/Matrix.cpp.o[0m
[ 46%] [32mBuilding CXX object CMakeFiles/Aerial_Device_Test.dir/src/rofous_gazebo_plugins/Transformer.cpp.o[0m
[35m[1mScanning dependencies of target rofous_gazebo_plugins_generate_messages_py[0m
[35m[1mScanning dependencies of target rofous_gazebo_plugins_generate_messages_nodejs[0m
[35m[1mScanning dependencies of target rofous_gazebo_plugins_generate_messages_eus[0m
[35m[1mScanning dependencies of target rofous_gazebo_plugins_generate_messages_cpp[0m
[ 46%] Built target rofous_gazebo_plugins_generate_messages_lisp
[ 53%] Built target rofous_gazebo_plugins_generate_messages_py
[ 53%] Built target rofous_gazebo_plugins_generate_messages_nodejs
[ 53%] [34m[1mGenerating EusLisp manifest code for rofous_gazebo_plugins[0m
[ 53%] Built target rofous_gazebo_plugins_generate_messages_cpp
[ 60%] [32mBuilding CXX object CMakeFiles/rofous_gazebo_plugins.dir/src/rofous_gazebo_plugins/Transformer.cpp.o[0m
[ 80%] [32mBuilding CXX object CMakeFiles/rofous_gazebo_plugins.dir/src/rofous_gazebo_plugins/rofous_gazebo_plugin.cpp.o[0m
[ 80%] [32mBuilding CXX object CMakeFiles/rofous_gazebo_plugins.dir/src/rofous_gazebo_plugins/Aerial_Device.cpp.o[0m
[ 80%] [32mBuilding CXX object CMakeFiles/rofous_gazebo_plugins.dir/src/rofous_gazebo_plugins/Matrix.cpp.o[0m
[01m[K/home/m_dyse/Rofous/src/rofous_gazebo_plugins/src/rofous_gazebo_plugins/Transformer_Dev.cpp:[m[K In function ‘[01m[Kint validate_vector(std::vector<float>, Test*, std::vector<float>)[m[K’:
[01m[K/home/m_dyse/Rofous/src/rofous_gazebo_plugins/src/rofous_gazebo_plugins/Transformer_Dev.cpp:48:1:[m[K [01;35m[Kwarning: [m[Kno return statement in function returning non-void [[01;35m[K-Wreturn-type[m[K]
   48 | [01;35m[K}[m[K
      | [01;35m[K^[m[K
[01m[K/home/m_dyse/Rofous/src/rofous_gazebo_plugins/src/rofous_gazebo_plugins/Aerial_Device.cpp:[m[K In member function ‘[01m[Kint Aerial_Device::reset()[m[K’:
[01m[K/home/m_dyse/Rofous/src/rofous_gazebo_plugins/src/rofous_gazebo_plugins/Aerial_Device.cpp:196:1:[m[K [01;35m[Kwarning: [m[Kcontrol reaches end of non-void function [[01;35m[K-Wreturn-type[m[K]
  196 | [01;35m[K}[m[K
      | [01;35m[K^[m[K
[ 80%] Built target rofous_gazebo_plugins_generate_messages_eus
[ 86%] [32m[1mLinking CXX executable Transformer_Test[0m
[35m[1mScanning dependencies of target rofous_gazebo_plugins_generate_messages[0m
[ 86%] Built target rofous_gazebo_plugins_generate_messages
[ 86%] Built target Transformer_Test
[ 93%] [32m[1mLinking CXX executable Aerial_Device_Test[0m
[ 93%] Built target Aerial_Device_Test
[01m[K/home/m_dyse/Rofous/src/rofous_gazebo_plugins/src/rofous_gazebo_plugins/Aerial_Device.cpp:[m[K In member function ‘[01m[Kint Aerial_Device::reset()[m[K’:
[01m[K/home/m_dyse/Rofous/src/rofous_gazebo_plugins/src/rofous_gazebo_plugins/Aerial_Device.cpp:196:1:[m[K [01;35m[Kwarning: [m[Kcontrol reaches end of non-void function [[01;35m[K-Wreturn-type[m[K]
  196 | [01;35m[K}[m[K
      | [01;35m[K^[m[K
[01m[K/home/m_dyse/Rofous/src/rofous_gazebo_plugins/src/rofous_gazebo_plugins/rofous_gazebo_plugin.cpp:[m[K In member function ‘[01m[Kint gazebo::RofousPlugin::connectRosNodes()[m[K’:
[01m[K/home/m_dyse/Rofous/src/rofous_gazebo_plugins/src/rofous_gazebo_plugins/rofous_gazebo_plugin.cpp:77:2:[m[K [01;35m[Kwarning: [m[Kno return statement in function returning non-void [[01;35m[K-Wreturn-type[m[K]
   77 |  [01;35m[K}[m[K
      |  [01;35m[K^[m[K
[100%] [32m[1mLinking CXX shared library /home/m_dyse/Rofous/devel/.private/rofous_gazebo_plugins/lib/librofous_gazebo_plugins.so[0m
[100%] Built target rofous_gazebo_plugins
