[01m[K/home/m_dyse/Dyse-Robotics/Projects/Rofous/src/rofous_controller/src/Aerial_Device_Dev.cpp:[m[K In function ‘[01m[Kint main(int, char**)[m[K’:
[01m[K/home/m_dyse/Dyse-Robotics/Projects/Rofous/src/rofous_controller/src/Aerial_Device_Dev.cpp:61:47:[m[K [01;31m[Kerror: [m[Kbase operand of ‘[01m[K->[m[K’ has non-pointer type ‘[01m[KMatrix[m[K’
  test.info = "\tState:\n" + rofous.get_state()[01;31m[K->[m[Kmatrix_as_string();
                                               [01;31m[K^~[m[K
[01m[K/home/m_dyse/Dyse-Robotics/Projects/Rofous/src/rofous_controller/src/Aerial_Device_Dev.cpp:97:18:[m[K [01;31m[Kerror: [m[K‘[01m[Kn[m[K’ was not declared in this scope
  validate_vector([01;31m[Kn[m[K, &test, m);
                  [01;31m[K^[m[K
[01m[K/home/m_dyse/Dyse-Robotics/Projects/Rofous/src/rofous_controller/src/Aerial_Device_Dev.cpp:97:28:[m[K [01;31m[Kerror: [m[K‘[01m[Km[m[K’ was not declared in this scope
  validate_vector(n, &test, [01;31m[Km[m[K);
                            [01;31m[K^[m[K
[01m[K/home/m_dyse/Dyse-Robotics/Projects/Rofous/src/rofous_controller/src/Aerial_Device.cpp:[m[K In member function ‘[01m[KMatrix Aerial_Device::update_odometry(float)[m[K’:
[01m[K/home/m_dyse/Dyse-Robotics/Projects/Rofous/src/rofous_controller/src/Aerial_Device.cpp:162:85:[m[K [01;31m[Kerror: [m[Kno match for ‘[01m[Koperator*[m[K’ (operand types are ‘[01m[Kstd::vector<float>[m[K’ and ‘[01m[K__gnu_cxx::__promote_2<float, double, float, double>::__type {aka double}[m[K’)
   stateActual.set(0, i, stateActual.get(0,i) + (stateActual.get(1, i) * t) + ([01;31m[Kaccel * pow(t, 2.0)[m[K / 2.0));
                                                                               [01;31m[K~~~~~~^~~~~~~~~~~~~[m[K
[01m[K/home/m_dyse/Dyse-Robotics/Projects/Rofous/src/rofous_controller/src/Aerial_Device.cpp:163:56:[m[K [01;31m[Kerror: [m[Kno match for ‘[01m[Koperator*[m[K’ (operand types are ‘[01m[Kstd::vector<float>[m[K’ and ‘[01m[Kfloat[m[K’)
   stateActual.set(1, i, stateActual.get(1, i) + ([01;31m[Kaccel * t[m[K));
                                                  [01;31m[K~~~~~~^~~[m[K
make[2]: *** [CMakeFiles/Aerial_Device_Test.dir/src/Aerial_Device_Dev.cpp.o] Error 1
make[2]: *** Waiting for unfinished jobs....
make[2]: *** [CMakeFiles/Aerial_Device_Test.dir/src/Aerial_Device.cpp.o] Error 1
make[1]: *** [CMakeFiles/Aerial_Device_Test.dir/all] Error 2
make: *** [all] Error 2
