[01m[K/home/m_dyse/Dyse-Robotics/Projects/Rofous/src/rofous_controller/src/Aerial_Device.cpp:[m[K In member function ‘[01m[Kvoid Aerial_Device::build_transformers()[m[K’:
[01m[K/home/m_dyse/Dyse-Robotics/Projects/Rofous/src/rofous_controller/src/Aerial_Device.cpp:90:83:[m[K [01;31m[Kerror: [m[Kno matching function for call to ‘[01m[KMatrix::get(int, std::vector<float>&)[m[K’
  autobots.push_back(new Transformer(stateActual.get(0,pose), stateActual.get(0,ref[01;31m[K)[m[K, proto, "Body"));
                                                                                   [01;31m[K^[m[K
In file included from [01m[K/home/m_dyse/Dyse-Robotics/Projects/Rofous/src/rofous_controller/include/Transformer.hpp:1:0[m[K,
                 from [01m[K/home/m_dyse/Dyse-Robotics/Projects/Rofous/src/rofous_controller/include/Aerial_Device.hpp:1[m[K,
                 from [01m[K/home/m_dyse/Dyse-Robotics/Projects/Rofous/src/rofous_controller/src/Aerial_Device.cpp:6[m[K:
[01m[K/home/m_dyse/Dyse-Robotics/Projects/Rofous/src/rofous_controller/include/Matrix.hpp:33:9:[m[K [01;36m[Knote: [m[Kcandidate: float Matrix::get(int)
   float [01;36m[Kget[m[K(int);
         [01;36m[K^~~[m[K
[01m[K/home/m_dyse/Dyse-Robotics/Projects/Rofous/src/rofous_controller/include/Matrix.hpp:33:9:[m[K [01;36m[Knote: [m[K  candidate expects 1 argument, 2 provided
[01m[K/home/m_dyse/Dyse-Robotics/Projects/Rofous/src/rofous_controller/include/Matrix.hpp:34:9:[m[K [01;36m[Knote: [m[Kcandidate: float Matrix::get(int, int)
   float [01;36m[Kget[m[K(int, int);
         [01;36m[K^~~[m[K
[01m[K/home/m_dyse/Dyse-Robotics/Projects/Rofous/src/rofous_controller/include/Matrix.hpp:34:9:[m[K [01;36m[Knote: [m[K  no known conversion for argument 2 from ‘[01m[Kstd::vector<float>[m[K’ to ‘[01m[Kint[m[K’
[01m[K/home/m_dyse/Dyse-Robotics/Projects/Rofous/src/rofous_controller/include/Matrix.hpp:35:17:[m[K [01;36m[Knote: [m[Kcandidate: std::vector<float> Matrix::get(int, std::vector<int>)
   vector<float> [01;36m[Kget[m[K(int, vector<int>);
                 [01;36m[K^~~[m[K
[01m[K/home/m_dyse/Dyse-Robotics/Projects/Rofous/src/rofous_controller/include/Matrix.hpp:35:17:[m[K [01;36m[Knote: [m[K  no known conversion for argument 2 from ‘[01m[Kstd::vector<float>[m[K’ to ‘[01m[Kstd::vector<int>[m[K’
[01m[K/home/m_dyse/Dyse-Robotics/Projects/Rofous/src/rofous_controller/include/Matrix.hpp:36:17:[m[K [01;36m[Knote: [m[Kcandidate: std::vector<float> Matrix::get(std::vector<int>, int)
   vector<float> [01;36m[Kget[m[K(vector<int>, int);
                 [01;36m[K^~~[m[K
[01m[K/home/m_dyse/Dyse-Robotics/Projects/Rofous/src/rofous_controller/include/Matrix.hpp:36:17:[m[K [01;36m[Knote: [m[K  no known conversion for argument 1 from ‘[01m[Kint[m[K’ to ‘[01m[Kstd::vector<int>[m[K’
[01m[K/home/m_dyse/Dyse-Robotics/Projects/Rofous/src/rofous_controller/include/Matrix.hpp:37:8:[m[K [01;36m[Knote: [m[Kcandidate: void Matrix::get(std::vector<int>, std::vector<int>, Matrix*)
   void [01;36m[Kget[m[K(vector<int>, vector<int>, Matrix*);
        [01;36m[K^~~[m[K
[01m[K/home/m_dyse/Dyse-Robotics/Projects/Rofous/src/rofous_controller/include/Matrix.hpp:37:8:[m[K [01;36m[Knote: [m[K  candidate expects 3 arguments, 2 provided
make[2]: *** [CMakeFiles/Aerial_Device_Test.dir/src/Aerial_Device.cpp.o] Error 1
make[1]: *** [CMakeFiles/Aerial_Device_Test.dir/all] Error 2
make: *** [all] Error 2
