Determining if the pthread_create exist failed with the following output:
Change Dir: /home/m_dyse/Dyse-Robotics/Projects/Rofous/build/rofous_gazebo/CMakeFiles/CMakeTmp

Run Build Command:"/usr/bin/make" "cmTC_84e4a/fast"
/usr/bin/make -f CMakeFiles/cmTC_84e4a.dir/build.make CMakeFiles/cmTC_84e4a.dir/build
make[1]: Entering directory '/home/m_dyse/Dyse-Robotics/Projects/Rofous/build/rofous_gazebo/CMakeFiles/CMakeTmp'
Building C object CMakeFiles/cmTC_84e4a.dir/CheckSymbolExists.c.o
/usr/bin/cc    -o CMakeFiles/cmTC_84e4a.dir/CheckSymbolExists.c.o   -c /home/m_dyse/Dyse-Robotics/Projects/Rofous/build/rofous_gazebo/CMakeFiles/CMakeTmp/CheckSymbolExists.c
Linking C executable cmTC_84e4a
/usr/bin/cmake -E cmake_link_script CMakeFiles/cmTC_84e4a.dir/link.txt --verbose=1
/usr/bin/cc      -rdynamic CMakeFiles/cmTC_84e4a.dir/CheckSymbolExists.c.o  -o cmTC_84e4a 
CMakeFiles/cmTC_84e4a.dir/CheckSymbolExists.c.o: In function `main':
CheckSymbolExists.c:(.text+0x1b): undefined reference to `pthread_create'
collect2: error: ld returned 1 exit status
CMakeFiles/cmTC_84e4a.dir/build.make:97: recipe for target 'cmTC_84e4a' failed
make[1]: *** [cmTC_84e4a] Error 1
make[1]: Leaving directory '/home/m_dyse/Dyse-Robotics/Projects/Rofous/build/rofous_gazebo/CMakeFiles/CMakeTmp'
Makefile:126: recipe for target 'cmTC_84e4a/fast' failed
make: *** [cmTC_84e4a/fast] Error 2

File /home/m_dyse/Dyse-Robotics/Projects/Rofous/build/rofous_gazebo/CMakeFiles/CMakeTmp/CheckSymbolExists.c:
/* */
#include <pthread.h>

int main(int argc, char** argv)
{
  (void)argv;
#ifndef pthread_create
  return ((int*)(&pthread_create))[argc];
#else
  (void)argc;
  return 0;
#endif
}

Determining if the function pthread_create exists in the pthreads failed with the following output:
Change Dir: /home/m_dyse/Dyse-Robotics/Projects/Rofous/build/rofous_gazebo/CMakeFiles/CMakeTmp

Run Build Command:"/usr/bin/make" "cmTC_18fde/fast"
/usr/bin/make -f CMakeFiles/cmTC_18fde.dir/build.make CMakeFiles/cmTC_18fde.dir/build
make[1]: Entering directory '/home/m_dyse/Dyse-Robotics/Projects/Rofous/build/rofous_gazebo/CMakeFiles/CMakeTmp'
Building C object CMakeFiles/cmTC_18fde.dir/CheckFunctionExists.c.o
/usr/bin/cc   -DCHECK_FUNCTION_EXISTS=pthread_create   -o CMakeFiles/cmTC_18fde.dir/CheckFunctionExists.c.o   -c /usr/share/cmake-3.10/Modules/CheckFunctionExists.c
Linking C executable cmTC_18fde
/usr/bin/cmake -E cmake_link_script CMakeFiles/cmTC_18fde.dir/link.txt --verbose=1
/usr/bin/cc  -DCHECK_FUNCTION_EXISTS=pthread_create    -rdynamic CMakeFiles/cmTC_18fde.dir/CheckFunctionExists.c.o  -o cmTC_18fde -lpthreads 
/usr/bin/ld: cannot find -lpthreads
collect2: error: ld returned 1 exit status
CMakeFiles/cmTC_18fde.dir/build.make:97: recipe for target 'cmTC_18fde' failed
make[1]: *** [cmTC_18fde] Error 1
make[1]: Leaving directory '/home/m_dyse/Dyse-Robotics/Projects/Rofous/build/rofous_gazebo/CMakeFiles/CMakeTmp'
Makefile:126: recipe for target 'cmTC_18fde/fast' failed
make: *** [cmTC_18fde/fast] Error 2


